Adapters/Google (AdMob and Ad Manager)/ISAdMobAdapter/build/intermediates/manifest_merge_blame_file/release/manifest-merger-blame-release-report.txt
1<?xml version="1.0" encoding="utf-8"?>
2<manifest xmlns:android="http://schemas.android.com/apk/res/android"
3    package="com.ironsource.adapters.admob" >
4
5    <uses-sdk
6        android:minSdkVersion="16"
6-->src/main/AndroidManifest.xml
7        android:targetSdkVersion="30" />
7-->src/main/AndroidManifest.xml
8
9    <uses-permission android:name="android.permission.INTERNET" />
9-->src/main/AndroidManifest.xml:4:5-66
9-->src/main/AndroidManifest.xml:4:22-64
10    <uses-permission android:name="android.permission.ACCESS_NETWORK_STATE" />
10-->src/main/AndroidManifest.xml:5:5-78
10-->src/main/AndroidManifest.xml:5:22-76
11
12    <application>
12-->src/main/AndroidManifest.xml:7:5-13:19
13        <activity
13-->src/main/AndroidManifest.xml:9:9-11:64
14            android:name="com.google.android.gms.ads.AdActivity"
14-->src/main/AndroidManifest.xml:9:19-71
15            android:configChanges="keyboard|keyboardHidden|orientation|screenLayout|uiMode|screenSize|smallestScreenSize"
15-->src/main/AndroidManifest.xml:10:13-122
16            android:theme="@android:style/Theme.Translucent" />
16-->src/main/AndroidManifest.xml:11:13-61
17    </application>
18
19</manifest>